INFO:root:Création de la potion Potion(min_recup=15, max_recup=50) - auto id : 1.
INFO:root:Création de la potion Potion(min_recup=15, max_recup=50) - auto id : 2.
INFO:root:Création de la potion Potion(min_recup=15, max_recup=50) - auto id : 3.
INFO:root:Création de la potion Potion(min_recup=15, max_recup=50) - auto id : 4.
DEBUG:root:Creation of RoleplayGame with the followings parameters:
DEBUG:root:Joueur:
  [33mJoueur[0m a [32m50[0m/50 pts de vie, fait des attaques entre [31m5[0m et [31m10[0m pts de dommage et a [36m3[0m potions.
    [34mPotion 1[0m pouvant redonner entre [32m15[0m and [32m50[0m points de vie.
    [34mPotion 2[0m pouvant redonner entre [32m15[0m and [32m50[0m points de vie.
    [34mPotion 3[0m pouvant redonner entre [32m15[0m and [32m50[0m points de vie.
Ennemi(s):
  [33mEnnemi 1[0m a [32m20[0m/20 pts de vie, fait des attaques entre [31m0[0m et [31m8[0m pts de dommage et a [36m1[0m potion.
    [34mPotion 4[0m pouvant redonner entre [32m15[0m and [32m50[0m points de vie.
  [33mEnnemi 2[0m a [32m20[0m/20 pts de vie, fait des attaques entre [31m0[0m et [31m8[0m pts de dommage et a [36m0[0m potion.
INFO:root:[33mJoueur[0m attacks [33mEnnemi 1[0m et lui fait 7 points de dommage.
INFO:root:[33mEnnemi 1[0m attacks [33mJoueur[0m et lui fait 1 points de dommage.
INFO:root:[33mEnnemi 2[0m attacks [33mJoueur[0m et lui fait 1 points de dommage.
INFO:root:[33mJoueur[0m attacks [33mEnnemi 1[0m et lui fait 10 points de dommage.
INFO:root:La potion 4 est bue...
INFO:root:[33mEnnemi 2[0m attacks [33mJoueur[0m et lui fait 7 points de dommage.
INFO:root:[33mJoueur[0m attacks [33mEnnemi 1[0m et lui fait 5 points de dommage.
INFO:root:[33mEnnemi 2[0m attacks [33mJoueur[0m et lui fait 1 points de dommage.
INFO:root:[33mJoueur[0m attacks [33mEnnemi 1[0m et lui fait 6 points de dommage.
INFO:root:[33mEnnemi 2[0m attacks [33mJoueur[0m et lui fait 4 points de dommage.
INFO:root:[33mJoueur[0m attacks [33mEnnemi 1[0m et lui fait 10 points de dommage.
INFO:root:[33mEnnemi 2[0m attacks [33mJoueur[0m et lui fait 7 points de dommage.
INFO:root:[33mJoueur[0m attacks [33mEnnemi 2[0m et lui fait 7 points de dommage.
INFO:root:[33mEnnemi 2[0m attacks [33mJoueur[0m et lui fait 7 points de dommage.
INFO:root:[33mJoueur[0m attacks [33mEnnemi 2[0m et lui fait 7 points de dommage.
INFO:root:[33mEnnemi 2[0m attacks [33mJoueur[0m et lui fait 8 points de dommage.
INFO:root:[33mJoueur[0m attacks [33mEnnemi 2[0m et lui fait 10 points de dommage.
